[INFO] Scanning for projects...
[INFO] 
[INFO] ------------------< ma.gov.justice:gestion-dossiers >-------------------
[INFO] Building gestion-dossiers 0.0.1-SNAPSHOT
[INFO]   from pom.xml
[INFO] --------------------------------[ jar ]---------------------------------
[INFO] 
[INFO] >>> spring-boot:4.0.3:run (default-cli) > test-compile @ gestion-dossiers >>>
[INFO] 
[INFO] --- resources:3.3.1:resources (default-resources) @ gestion-dossiers ---
[INFO] Copying 1 resource from src\main\resources to target\classes
[INFO] Copying 0 resource from src\main\resources to target\classes
[INFO] 
[INFO] --- compiler:3.14.1:compile (default-compile) @ gestion-dossiers ---
[INFO] Recompiling the module because of changed source code.
[INFO] Compiling 42 source files with javac [debug parameters release 17] to target\classes
[INFO] 
[INFO] --- resources:3.3.1:testResources (default-testResources) @ gestion-dossiers ---
[INFO] skip non existing resourceDirectory C:\Users\msi\projects\justice-hub\gestion-dossiers\src\test\resources
[INFO] 
[INFO] --- compiler:3.14.1:testCompile (default-testCompile) @ gestion-dossiers ---
[INFO] Recompiling the module because of changed dependency.
[INFO] Compiling 1 source file with javac [debug parameters release 17] to target\test-classes
[INFO] 
[INFO] <<< spring-boot:4.0.3:run (default-cli) < test-compile @ gestion-dossiers <<<
[INFO] 
[INFO] 
[INFO] --- spring-boot:4.0.3:run (default-cli) @ gestion-dossiers ---
[INFO] Attaching agents: []

  .   ____          _            __ _ _
 /\\ / ___'_ __ _ _(_)_ __  __ _ \ \ \ \
( ( )\___ | '_ | '_| | '_ \/ _` | \ \ \ \
 \\/  ___)| |_)| | | | | || (_| |  ) ) ) )
  '  |____| .__|_| |_|_| |_\__, | / / / /
 =========|_|==============|___/=/_/_/_/

 :: Spring Boot ::                (v4.0.3)

2026-03-20T10:47:18.019Z  INFO 27996 --- [gestion-dossiers] [  restartedMain] m.g.j.g.GestionDossiersApplication       : Starting GestionDossiersApplication using Java 17.0.14 with PID 27996 (C:\Users\msi\projects\justice-hub\gestion-dossiers\target\classes started by msi in C:\Users\msi\projects\justice-hub\gestion-dossiers)
2026-03-20T10:47:18.024Z  INFO 27996 --- [gestion-dossiers] [  restartedMain] m.g.j.g.GestionDossiersApplication       : No active profile set, falling back to 1 default profile: "default"
2026-03-20T10:47:18.092Z  INFO 27996 --- [gestion-dossiers] [  restartedMain] .e.DevToolsPropertyDefaultsPostProcessor : Devtools property defaults active! Set 'spring.devtools.add-properties' to 'false' to disable
2026-03-20T10:47:18.092Z  INFO 27996 --- [gestion-dossiers] [  restartedMain] .e.DevToolsPropertyDefaultsPostProcessor : For additional web related logging consider setting the 'logging.level.web' property to 'DEBUG'
2026-03-20T10:47:19.332Z  INFO 27996 --- [gestion-dossiers] [  restartedMain] .s.d.r.c.RepositoryConfigurationDelegate : Bootstrapping Spring Data JPA repositories in DEFAULT mode.
2026-03-20T10:47:19.410Z  INFO 27996 --- [gestion-dossiers] [  restartedMain] .s.d.r.c.RepositoryConfigurationDelegate : Finished Spring Data repository scanning in 65 ms. Found 6 JPA repository interfaces.
2026-03-20T10:47:20.329Z  INFO 27996 --- [gestion-dossiers] [  restartedMain] o.s.boot.tomcat.TomcatWebServer          : Tomcat initialized with port 8080 (http)
2026-03-20T10:47:20.369Z  INFO 27996 --- [gestion-dossiers] [  restartedMain] o.apache.catalina.core.StandardService   : Starting service [Tomcat]
2026-03-20T10:47:20.369Z  INFO 27996 --- [gestion-dossiers] [  restartedMain] o.apache.catalina.core.StandardEngine    : Starting Servlet engine: [Apache Tomcat/11.0.18]
2026-03-20T10:47:20.453Z  INFO 27996 --- [gestion-dossiers] [  restartedMain] b.w.c.s.WebApplicationContextInitializer : Root WebApplicationContext: initialization completed in 2358 ms
2026-03-20T10:47:20.708Z  INFO 27996 --- [gestion-dossiers] [  restartedMain] org.hibernate.orm.jpa                    : HHH008540: Processing PersistenceUnitInfo [name: default]
2026-03-20T10:47:20.836Z  INFO 27996 --- [gestion-dossiers] [  restartedMain] org.hibernate.orm.core                   : HHH000001: Hibernate ORM core version 7.2.4.Final
2026-03-20T10:47:21.549Z  INFO 27996 --- [gestion-dossiers] [  restartedMain] o.s.o.j.p.SpringPersistenceUnitInfo      : No LoadTimeWeaver setup: ignoring JPA class transformer
2026-03-20T10:47:21.611Z  INFO 27996 --- [gestion-dossiers] [  restartedMain] com.zaxxer.hikari.HikariDataSource       : HikariPool-1 - Starting...
2026-03-20T10:47:22.027Z  INFO 27996 --- [gestion-dossiers] [  restartedMain] com.zaxxer.hikari.pool.HikariPool        : HikariPool-1 - Added connection conn0: url=jdbc:h2:file:./db/justicehub user=SA
2026-03-20T10:47:22.031Z  INFO 27996 --- [gestion-dossiers] [  restartedMain] com.zaxxer.hikari.HikariDataSource       : HikariPool-1 - Start completed.
2026-03-20T10:47:22.082Z  WARN 27996 --- [gestion-dossiers] [  restartedMain] org.hibernate.orm.deprecation            : HHH90000025: H2Dialect does not need to be specified explicitly using 'hibernate.dialect' (remove the property setting and it will be selected by default)
2026-03-20T10:47:22.117Z  INFO 27996 --- [gestion-dossiers] [  restartedMain] org.hibernate.orm.connections.pooling    : HHH10001005: Database info:
	Database JDBC URL [jdbc:h2:file:./db/justicehub]
	Database driver: H2 JDBC Driver
	Database dialect: H2Dialect
	Database version: 2.4.240
	Default catalog/schema: JUSTICEHUB/PUBLIC
	Autocommit mode: undefined/unknown
	Isolation level: READ_COMMITTED [default READ_COMMITTED]
	JDBC fetch size: 100
	Pool: DataSourceConnectionProvider
	Minimum pool size: undefined/unknown
	Maximum pool size: undefined/unknown
2026-03-20T10:47:23.635Z  INFO 27996 --- [gestion-dossiers] [  restartedMain] org.hibernate.orm.core                   : HHH000489: No JTA platform available (set 'hibernate.transaction.jta.platform' to enable JTA platform integration)
2026-03-20T10:47:23.708Z  INFO 27996 --- [gestion-dossiers] [  restartedMain] j.LocalContainerEntityManagerFactoryBean : Initialized JPA EntityManagerFactory for persistence unit 'default'
2026-03-20T10:47:23.818Z  INFO 27996 --- [gestion-dossiers] [  restartedMain] o.s.d.j.r.query.QueryEnhancerFactories   : Hibernate is in classpath; If applicable, HQL parser will be used.
2026-03-20T10:47:25.010Z  WARN 27996 --- [gestion-dossiers] [  restartedMain] JpaBaseConfiguration$JpaWebConfiguration : spring.jpa.open-in-view is enabled by default. Therefore, database queries may be performed during view rendering. Explicitly configure spring.jpa.open-in-view to disable this warning
2026-03-20T10:47:25.082Z  WARN 27996 --- [gestion-dossiers] [  restartedMain] .s.a.UserDetailsServiceAutoConfiguration : 

Using generated security password: 751d436d-5303-4795-b86b-d7fb884505e7

This generated password is for development use only. Your security configuration must be updated before running your application in production.

2026-03-20T10:47:25.092Z  INFO 27996 --- [gestion-dossiers] [  restartedMain] r$InitializeUserDetailsManagerConfigurer : Global AuthenticationManager configured with UserDetailsService bean with name inMemoryUserDetailsManager
2026-03-20T10:47:25.896Z  INFO 27996 --- [gestion-dossiers] [  restartedMain] o.s.boot.tomcat.TomcatWebServer          : Tomcat started on port 8080 (http) with context path '/'
2026-03-20T10:47:25.908Z  INFO 27996 --- [gestion-dossiers] [  restartedMain] m.g.j.g.GestionDossiersApplication       : Started GestionDossiersApplication in 8.593 seconds (process running for 9.396)
Hibernate: 
    select
        u1_0.user_id,
        u1_0.email,
        u1_0.first_name,
        u1_0.last_name,
        u1_0.password,
        u1_0.phone,
        u1_0.role,
        u1_0.username 
    from
        user u1_0 
    where
        u1_0.username=?
Hibernate: 
    select
        u1_0.user_id,
        u1_0.email,
        u1_0.first_name,
        u1_0.last_name,
        u1_0.password,
        u1_0.phone,
        u1_0.role,
        u1_0.username 
    from
        user u1_0 
    where
        u1_0.username=?
2026-03-20T10:47:26.142Z  WARN 27996 --- [gestion-dossiers] [  restartedMain] o.s.core.events.SpringDocAppInitializer  : SpringDoc /v3/api-docs endpoint is enabled by default. To disable it in production, set the property 'springdoc.api-docs.enabled=false'
2026-03-20T10:47:26.143Z  WARN 27996 --- [gestion-dossiers] [  restartedMain] o.s.core.events.SpringDocAppInitializer  : SpringDoc /swagger-ui.html endpoint is enabled by default. To disable it in production, set the property 'springdoc.swagger-ui.enabled=false'
2026-03-20T10:48:50.048Z  INFO 27996 --- [gestion-dossiers] [nio-8080-exec-1] o.a.c.c.C.[Tomcat].[localhost].[/]       : Initializing Spring DispatcherServlet 'dispatcherServlet'
2026-03-20T10:48:50.049Z  INFO 27996 --- [gestion-dossiers] [nio-8080-exec-1] o.s.web.servlet.DispatcherServlet        : Initializing Servlet 'dispatcherServlet'
2026-03-20T10:48:50.054Z  INFO 27996 --- [gestion-dossiers] [nio-8080-exec-1] o.s.web.servlet.DispatcherServlet        : Completed initialization in 5 ms
Hibernate: 
    select
        u1_0.user_id,
        u1_0.email,
        u1_0.first_name,
        u1_0.last_name,
        u1_0.password,
        u1_0.phone,
        u1_0.role,
        u1_0.username 
    from
        user u1_0 
    where
        u1_0.username=?
Hibernate: 
    select
        f1_0.folder_id,
        f1_0.created_at,
        f1_0.created_by,
        f1_0.folder_number,
        f1_0.folder_symbol,
        f1_0.statuts 
    from
        folder f1_0
Hibernate: 
    select
        u1_0.user_id,
        u1_0.email,
        u1_0.first_name,
        u1_0.last_name,
        u1_0.password,
        u1_0.phone,
        u1_0.role,
        u1_0.username 
    from
        user u1_0
Hibernate: 
    select
        t1_0.transfer_id,
        t1_0.folder_id,
        t1_0.from_user,
        t1_0.purpose,
        t1_0.to_user,
        t1_0.transfer_date 
    from
        transfer t1_0
Hibernate: 
    select
        u1_0.user_id,
        u1_0.email,
        u1_0.first_name,
        u1_0.last_name,
        u1_0.password,
        u1_0.phone,
        u1_0.role,
        u1_0.username 
    from
        user u1_0
Hibernate: 
    select
        f1_0.folder_id,
        f1_0.created_at,
        f1_0.created_by,
        f1_0.folder_number,
        f1_0.folder_symbol,
        f1_0.statuts 
    from
        folder f1_0
Hibernate: 
    select
        u1_0.user_id,
        u1_0.email,
        u1_0.first_name,
        u1_0.last_name,
        u1_0.password,
        u1_0.phone,
        u1_0.role,
        u1_0.username 
    from
        user u1_0
Hibernate: 
    select
        t1_0.transfer_id,
        t1_0.folder_id,
        t1_0.from_user,
        t1_0.purpose,
        t1_0.to_user,
        t1_0.transfer_date 
    from
        transfer t1_0
Hibernate: 
    select
        u1_0.user_id,
        u1_0.email,
        u1_0.first_name,
        u1_0.last_name,
        u1_0.password,
        u1_0.phone,
        u1_0.role,
        u1_0.username 
    from
        user u1_0
Hibernate: 
    select
        f1_0.folder_id,
        f1_0.created_at,
        f1_0.created_by,
        f1_0.folder_number,
        f1_0.folder_symbol,
        f1_0.statuts 
    from
        folder f1_0
Hibernate: 
    select
        t1_0.transfer_id,
        t1_0.folder_id,
        t1_0.from_user,
        t1_0.purpose,
        t1_0.to_user,
        t1_0.transfer_date 
    from
        transfer t1_0
Hibernate: 
    select
        u1_0.user_id,
        u1_0.email,
        u1_0.first_name,
        u1_0.last_name,
        u1_0.password,
        u1_0.phone,
        u1_0.role,
        u1_0.username 
    from
        user u1_0
Hibernate: 
    select
        f1_0.folder_id,
        f1_0.created_at,
        f1_0.created_by,
        f1_0.folder_number,
        f1_0.folder_symbol,
        f1_0.statuts 
    from
        folder f1_0
Hibernate: 
    select
        t1_0.transfer_id,
        t1_0.folder_id,
        t1_0.from_user,
        t1_0.purpose,
        t1_0.to_user,
        t1_0.transfer_date 
    from
        transfer t1_0
Hibernate: 
    select
        sl1_0.id,
        sl1_0.action,
        sl1_0.details,
        sl1_0.target,
        sl1_0.timestamp,
        sl1_0.type,
        sl1_0.username 
    from
        system_log sl1_0 
    order by
        sl1_0.timestamp desc
Hibernate: 
    select
        sl1_0.id,
        sl1_0.action,
        sl1_0.details,
        sl1_0.target,
        sl1_0.timestamp,
        sl1_0.type,
        sl1_0.username 
    from
        system_log sl1_0 
    order by
        sl1_0.timestamp desc
Hibernate: 
    select
        sl1_0.id,
        sl1_0.action,
        sl1_0.details,
        sl1_0.target,
        sl1_0.timestamp,
        sl1_0.type,
        sl1_0.username 
    from
        system_log sl1_0 
    order by
        sl1_0.timestamp desc
Hibernate: 
    select
        sl1_0.id,
        sl1_0.action,
        sl1_0.details,
        sl1_0.target,
        sl1_0.timestamp,
        sl1_0.type,
        sl1_0.username 
    from
        system_log sl1_0 
    order by
        sl1_0.timestamp desc
Hibernate: 
    select
        sl1_0.id,
        sl1_0.action,
        sl1_0.details,
        sl1_0.target,
        sl1_0.timestamp,
        sl1_0.type,
        sl1_0.username 
    from
        system_log sl1_0 
    order by
        sl1_0.timestamp desc
Hibernate: 
    select
        f1_0.folder_id,
        f1_0.created_at,
        f1_0.created_by,
        f1_0.folder_number,
        f1_0.folder_symbol,
        f1_0.statuts 
    from
        folder f1_0
Hibernate: 
    select
        t1_0.transfer_id,
        t1_0.folder_id,
        t1_0.from_user,
        t1_0.purpose,
        t1_0.to_user,
        t1_0.transfer_date 
    from
        transfer t1_0
Hibernate: 
    select
        u1_0.user_id,
        u1_0.email,
        u1_0.first_name,
        u1_0.last_name,
        u1_0.password,
        u1_0.phone,
        u1_0.role,
        u1_0.username 
    from
        user u1_0
Hibernate: 
    select
        t1_0.transfer_id,
        t1_0.folder_id,
        t1_0.from_user,
        t1_0.purpose,
        t1_0.to_user,
        t1_0.transfer_date 
    from
        transfer t1_0
Hibernate: 
    select
        t1_0.transfer_id,
        t1_0.folder_id,
        t1_0.from_user,
        t1_0.purpose,
        t1_0.to_user,
        t1_0.transfer_date 
    from
        transfer t1_0
Hibernate: 
    select
        u1_0.user_id,
        u1_0.email,
        u1_0.first_name,
        u1_0.last_name,
        u1_0.password,
        u1_0.phone,
        u1_0.role,
        u1_0.username 
    from
        user u1_0
Hibernate: 
    select
        f1_0.folder_id,
        f1_0.created_at,
        f1_0.created_by,
        f1_0.folder_number,
        f1_0.folder_symbol,
        f1_0.statuts 
    from
        folder f1_0
Hibernate: 
    select
        u1_0.user_id,
        u1_0.email,
        u1_0.first_name,
        u1_0.last_name,
        u1_0.password,
        u1_0.phone,
        u1_0.role,
        u1_0.username 
    from
        user u1_0
Hibernate: 
    select
        f1_0.folder_id,
        f1_0.created_at,
        f1_0.created_by,
        f1_0.folder_number,
        f1_0.folder_symbol,
        f1_0.statuts 
    from
        folder f1_0
Hibernate: 
    select
        u1_0.user_id,
        u1_0.email,
        u1_0.first_name,
        u1_0.last_name,
        u1_0.password,
        u1_0.phone,
        u1_0.role,
        u1_0.username 
    from
        user u1_0
Hibernate: 
    select
        u1_0.user_id,
        u1_0.email,
        u1_0.first_name,
        u1_0.last_name,
        u1_0.password,
        u1_0.phone,
        u1_0.role,
        u1_0.username 
    from
        user u1_0 
    where
        u1_0.user_id=?
Hibernate: 
    insert 
    into
        system_log
        (action, details, target, timestamp, type, username, id) 
    values
        (?, ?, ?, ?, ?, ?, default)
Hibernate: 
    update
        user 
    set
        email=?,
        first_name=?,
        last_name=?,
        password=?,
        phone=?,
        role=?,
        username=? 
    where
        user_id=?
Hibernate: 
    select
        u1_0.user_id,
        u1_0.email,
        u1_0.first_name,
        u1_0.last_name,
        u1_0.password,
        u1_0.phone,
        u1_0.role,
        u1_0.username 
    from
        user u1_0
Hibernate: 
    select
        u1_0.user_id,
        u1_0.email,
        u1_0.first_name,
        u1_0.last_name,
        u1_0.password,
        u1_0.phone,
        u1_0.role,
        u1_0.username 
    from
        user u1_0 
    where
        u1_0.user_id=?
Hibernate: 
    insert 
    into
        system_log
        (action, details, target, timestamp, type, username, id) 
    values
        (?, ?, ?, ?, ?, ?, default)
Hibernate: 
    update
        user 
    set
        email=?,
        first_name=?,
        last_name=?,
        password=?,
        phone=?,
        role=?,
        username=? 
    where
        user_id=?
Hibernate: 
    select
        u1_0.user_id,
        u1_0.email,
        u1_0.first_name,
        u1_0.last_name,
        u1_0.password,
        u1_0.phone,
        u1_0.role,
        u1_0.username 
    from
        user u1_0
Hibernate: 
    select
        u1_0.user_id,
        u1_0.email,
        u1_0.first_name,
        u1_0.last_name,
        u1_0.password,
        u1_0.phone,
        u1_0.role,
        u1_0.username 
    from
        user u1_0
Hibernate: 
    select
        u1_0.user_id,
        u1_0.email,
        u1_0.first_name,
        u1_0.last_name,
        u1_0.password,
        u1_0.phone,
        u1_0.role,
        u1_0.username 
    from
        user u1_0
Hibernate: 
    select
        f1_0.folder_id,
        f1_0.created_at,
        f1_0.created_by,
        f1_0.folder_number,
        f1_0.folder_symbol,
        f1_0.statuts 
    from
        folder f1_0
Hibernate: 
    select
        f1_0.folder_id,
        f1_0.created_at,
        f1_0.created_by,
        f1_0.folder_number,
        f1_0.folder_symbol,
        f1_0.statuts 
    from
        folder f1_0
Hibernate: 
    select
        u1_0.user_id,
        u1_0.email,
        u1_0.first_name,
        u1_0.last_name,
        u1_0.password,
        u1_0.phone,
        u1_0.role,
        u1_0.username 
    from
        user u1_0
Hibernate: 
    select
        t1_0.transfer_id,
        t1_0.folder_id,
        t1_0.from_user,
        t1_0.purpose,
        t1_0.to_user,
        t1_0.transfer_date 
    from
        transfer t1_0
Hibernate: 
    select
        u1_0.user_id,
        u1_0.email,
        u1_0.first_name,
        u1_0.last_name,
        u1_0.password,
        u1_0.phone,
        u1_0.role,
        u1_0.username 
    from
        user u1_0 
    where
        u1_0.username=?
Hibernate: 
    select
        f1_0.folder_id,
        f1_0.created_at,
        f1_0.created_by,
        f1_0.folder_number,
        f1_0.folder_symbol,
        f1_0.statuts 
    from
        folder f1_0
Hibernate: 
    select
        t1_0.transfer_id,
        t1_0.folder_id,
        t1_0.from_user,
        t1_0.purpose,
        t1_0.to_user,
        t1_0.transfer_date 
    from
        transfer t1_0
Hibernate: 
    select
        u1_0.user_id,
        u1_0.email,
        u1_0.first_name,
        u1_0.last_name,
        u1_0.password,
        u1_0.phone,
        u1_0.role,
        u1_0.username 
    from
        user u1_0
Hibernate: 
    select
        u1_0.user_id,
        u1_0.email,
        u1_0.first_name,
        u1_0.last_name,
        u1_0.password,
        u1_0.phone,
        u1_0.role,
        u1_0.username 
    from
        user u1_0
Hibernate: 
    select
        u1_0.user_id,
        u1_0.email,
        u1_0.first_name,
        u1_0.last_name,
        u1_0.password,
        u1_0.phone,
        u1_0.role,
        u1_0.username 
    from
        user u1_0
Hibernate: 
    select
        f1_0.folder_id,
        f1_0.created_at,
        f1_0.created_by,
        f1_0.folder_number,
        f1_0.folder_symbol,
        f1_0.statuts 
    from
        folder f1_0
Hibernate: 
    select
        t1_0.transfer_id,
        t1_0.folder_id,
        t1_0.from_user,
        t1_0.purpose,
        t1_0.to_user,
        t1_0.transfer_date 
    from
        transfer t1_0
Hibernate: 
    select
        u1_0.user_id,
        u1_0.email,
        u1_0.first_name,
        u1_0.last_name,
        u1_0.password,
        u1_0.phone,
        u1_0.role,
        u1_0.username 
    from
        user u1_0
Hibernate: 
    select
        t1_0.transfer_id,
        t1_0.folder_id,
        t1_0.from_user,
        t1_0.purpose,
        t1_0.to_user,
        t1_0.transfer_date 
    from
        transfer t1_0
Hibernate: 
    select
        f1_0.folder_id,
        f1_0.created_at,
        f1_0.created_by,
        f1_0.folder_number,
        f1_0.folder_symbol,
        f1_0.statuts 
    from
        folder f1_0
Hibernate: 
    select
        u1_0.user_id,
        u1_0.email,
        u1_0.first_name,
        u1_0.last_name,
        u1_0.password,
        u1_0.phone,
        u1_0.role,
        u1_0.username 
    from
        user u1_0
Hibernate: 
    select
        f1_0.folder_id,
        f1_0.created_at,
        f1_0.created_by,
        f1_0.folder_number,
        f1_0.folder_symbol,
        f1_0.statuts 
    from
        folder f1_0
Hibernate: 
    select
        u1_0.user_id,
        u1_0.email,
        u1_0.first_name,
        u1_0.last_name,
        u1_0.password,
        u1_0.phone,
        u1_0.role,
        u1_0.username 
    from
        user u1_0
Hibernate: 
    select
        u1_0.user_id,
        u1_0.email,
        u1_0.first_name,
        u1_0.last_name,
        u1_0.password,
        u1_0.phone,
        u1_0.role,
        u1_0.username 
    from
        user u1_0
Hibernate: 
    select
        u1_0.user_id,
        u1_0.email,
        u1_0.first_name,
        u1_0.last_name,
        u1_0.password,
        u1_0.phone,
        u1_0.role,
        u1_0.username 
    from
        user u1_0 
    where
        u1_0.username=?
Hibernate: 
    select
        f1_0.folder_id,
        f1_0.created_at,
        f1_0.created_by,
        f1_0.folder_number,
        f1_0.folder_symbol,
        f1_0.statuts 
    from
        folder f1_0
Hibernate: 
    select
        u1_0.user_id,
        u1_0.email,
        u1_0.first_name,
        u1_0.last_name,
        u1_0.password,
        u1_0.phone,
        u1_0.role,
        u1_0.username 
    from
        user u1_0
Hibernate: 
    select
        t1_0.transfer_id,
        t1_0.folder_id,
        t1_0.from_user,
        t1_0.purpose,
        t1_0.to_user,
        t1_0.transfer_date 
    from
        transfer t1_0
Hibernate: 
    select
        u1_0.user_id,
        u1_0.email,
        u1_0.first_name,
        u1_0.last_name,
        u1_0.password,
        u1_0.phone,
        u1_0.role,
        u1_0.username 
    from
        user u1_0
Hibernate: 
    select
        f1_0.folder_id,
        f1_0.created_at,
        f1_0.created_by,
        f1_0.folder_number,
        f1_0.folder_symbol,
        f1_0.statuts 
    from
        folder f1_0
Hibernate: 
    select
        u1_0.user_id,
        u1_0.email,
        u1_0.first_name,
        u1_0.last_name,
        u1_0.password,
        u1_0.phone,
        u1_0.role,
        u1_0.username 
    from
        user u1_0
Hibernate: 
    select
        u1_0.user_id,
        u1_0.email,
        u1_0.first_name,
        u1_0.last_name,
        u1_0.password,
        u1_0.phone,
        u1_0.role,
        u1_0.username 
    from
        user u1_0
Hibernate: 
    select
        u1_0.user_id,
        u1_0.email,
        u1_0.first_name,
        u1_0.last_name,
        u1_0.password,
        u1_0.phone,
        u1_0.role,
        u1_0.username 
    from
        user u1_0
Hibernate: 
    select
        u1_0.user_id,
        u1_0.email,
        u1_0.first_name,
        u1_0.last_name,
        u1_0.password,
        u1_0.phone,
        u1_0.role,
        u1_0.username 
    from
        user u1_0
Hibernate: 
    select
        u1_0.user_id,
        u1_0.email,
        u1_0.first_name,
        u1_0.last_name,
        u1_0.password,
        u1_0.phone,
        u1_0.role,
        u1_0.username 
    from
        user u1_0
Hibernate: 
    select
        u1_0.user_id,
        u1_0.email,
        u1_0.first_name,
        u1_0.last_name,
        u1_0.password,
        u1_0.phone,
        u1_0.role,
        u1_0.username 
    from
        user u1_0
Hibernate: 
    select
        u1_0.user_id,
        u1_0.email,
        u1_0.first_name,
        u1_0.last_name,
        u1_0.password,
        u1_0.phone,
        u1_0.role,
        u1_0.username 
    from
        user u1_0
Hibernate: 
    select
        u1_0.user_id,
        u1_0.email,
        u1_0.first_name,
        u1_0.last_name,
        u1_0.password,
        u1_0.phone,
        u1_0.role,
        u1_0.username 
    from
        user u1_0 
    where
        u1_0.user_id=?
Hibernate: 
    select
        t1_0.transfer_id,
        t1_0.folder_id,
        t1_0.from_user,
        t1_0.purpose,
        t1_0.to_user,
        t1_0.transfer_date 
    from
        transfer t1_0 
    where
        t1_0.from_user=?
Hibernate: 
    select
        u1_0.user_id,
        u1_0.email,
        u1_0.first_name,
        u1_0.last_name,
        u1_0.password,
        u1_0.phone,
        u1_0.role,
        u1_0.username 
    from
        user u1_0 
    where
        u1_0.user_id=?
Hibernate: 
    select
        u1_0.user_id,
        u1_0.email,
        u1_0.first_name,
        u1_0.last_name,
        u1_0.password,
        u1_0.phone,
        u1_0.role,
        u1_0.username 
    from
        user u1_0
Hibernate: 
    select
        t1_0.transfer_id,
        t1_0.folder_id,
        t1_0.from_user,
        t1_0.purpose,
        t1_0.to_user,
        t1_0.transfer_date 
    from
        transfer t1_0 
    where
        t1_0.from_user=?
Hibernate: 
    select
        u1_0.user_id,
        u1_0.email,
        u1_0.first_name,
        u1_0.last_name,
        u1_0.password,
        u1_0.phone,
        u1_0.role,
        u1_0.username 
    from
        user u1_0
Hibernate: 
    select
        u1_0.user_id,
        u1_0.email,
        u1_0.first_name,
        u1_0.last_name,
        u1_0.password,
        u1_0.phone,
        u1_0.role,
        u1_0.username 
    from
        user u1_0 
    where
        u1_0.user_id=?
Hibernate: 
    select
        t1_0.transfer_id,
        t1_0.folder_id,
        t1_0.from_user,
        t1_0.purpose,
        t1_0.to_user,
        t1_0.transfer_date 
    from
        transfer t1_0 
    where
        t1_0.from_user=?
Hibernate: 
    select
        u1_0.user_id,
        u1_0.email,
        u1_0.first_name,
        u1_0.last_name,
        u1_0.password,
        u1_0.phone,
        u1_0.role,
        u1_0.username 
    from
        user u1_0
Hibernate: 
    select
        f1_0.folder_id,
        f1_0.created_at,
        f1_0.created_by,
        f1_0.folder_number,
        f1_0.folder_symbol,
        f1_0.statuts 
    from
        folder f1_0
Hibernate: 
    select
        u1_0.user_id,
        u1_0.email,
        u1_0.first_name,
        u1_0.last_name,
        u1_0.password,
        u1_0.phone,
        u1_0.role,
        u1_0.username 
    from
        user u1_0
Hibernate: 
    select
        u1_0.user_id,
        u1_0.email,
        u1_0.first_name,
        u1_0.last_name,
        u1_0.password,
        u1_0.phone,
        u1_0.role,
        u1_0.username 
    from
        user u1_0
Hibernate: 
    select
        f1_0.folder_id,
        f1_0.created_at,
        f1_0.created_by,
        f1_0.folder_number,
        f1_0.folder_symbol,
        f1_0.statuts 
    from
        folder f1_0
Hibernate: 
    select
        t1_0.transfer_id,
        t1_0.folder_id,
        t1_0.from_user,
        t1_0.purpose,
        t1_0.to_user,
        t1_0.transfer_date 
    from
        transfer t1_0
Hibernate: 
    select
        u1_0.user_id,
        u1_0.email,
        u1_0.first_name,
        u1_0.last_name,
        u1_0.password,
        u1_0.phone,
        u1_0.role,
        u1_0.username 
    from
        user u1_0
Hibernate: 
    select
        t1_0.transfer_id,
        t1_0.folder_id,
        t1_0.from_user,
        t1_0.purpose,
        t1_0.to_user,
        t1_0.transfer_date 
    from
        transfer t1_0
Hibernate: 
    select
        f1_0.folder_id,
        f1_0.created_at,
        f1_0.created_by,
        f1_0.folder_number,
        f1_0.folder_symbol,
        f1_0.statuts 
    from
        folder f1_0
Hibernate: 
    select
        t1_0.transfer_id,
        t1_0.folder_id,
        t1_0.from_user,
        t1_0.purpose,
        t1_0.to_user,
        t1_0.transfer_date 
    from
        transfer t1_0
Hibernate: 
    select
        u1_0.user_id,
        u1_0.email,
        u1_0.first_name,
        u1_0.last_name,
        u1_0.password,
        u1_0.phone,
        u1_0.role,
        u1_0.username 
    from
        user u1_0
Hibernate: 
    select
        f1_0.folder_id,
        f1_0.created_at,
        f1_0.created_by,
        f1_0.folder_number,
        f1_0.folder_symbol,
        f1_0.statuts 
    from
        folder f1_0
Hibernate: 
    select
        u1_0.user_id,
        u1_0.email,
        u1_0.first_name,
        u1_0.last_name,
        u1_0.password,
        u1_0.phone,
        u1_0.role,
        u1_0.username 
    from
        user u1_0 
    where
        u1_0.user_id=?
Hibernate: 
    select
        t1_0.transfer_id,
        t1_0.folder_id,
        t1_0.from_user,
        t1_0.purpose,
        t1_0.to_user,
        t1_0.transfer_date 
    from
        transfer t1_0 
    where
        t1_0.from_user=?
Hibernate: 
    select
        u1_0.user_id,
        u1_0.email,
        u1_0.first_name,
        u1_0.last_name,
        u1_0.password,
        u1_0.phone,
        u1_0.role,
        u1_0.username 
    from
        user u1_0 
    where
        u1_0.user_id=?
Hibernate: 
    insert 
    into
        folder
        (created_at, created_by, folder_number, folder_symbol, statuts, folder_id) 
    values
        (?, ?, ?, ?, ?, default)
Hibernate: 
    insert 
    into
        system_log
        (action, details, target, timestamp, type, username, id) 
    values
        (?, ?, ?, ?, ?, ?, default)
2026-03-20T10:58:46.696Z  WARN 27996 --- [gestion-dossiers] [nio-8080-exec-6] .m.m.a.ExceptionHandlerExceptionResolver : Resolved [org.springframework.http.converter.HttpMessageNotReadableException: JSON parse error: Cannot construct instance of `ma.gov.justice.gestion_dossiers.entity.Folder` (although at least one Creator exists): cannot deserialize from Object value (no delegate- or property-based Creator)]
Hibernate: 
    select
        u1_0.user_id,
        u1_0.email,
        u1_0.first_name,
        u1_0.last_name,
        u1_0.password,
        u1_0.phone,
        u1_0.role,
        u1_0.username 
    from
        user u1_0 
    where
        u1_0.username=?
Hibernate: 
    select
        u1_0.user_id,
        u1_0.email,
        u1_0.first_name,
        u1_0.last_name,
        u1_0.password,
        u1_0.phone,
        u1_0.role,
        u1_0.username 
    from
        user u1_0
Hibernate: 
    select
        u1_0.user_id,
        u1_0.email,
        u1_0.first_name,
        u1_0.last_name,
        u1_0.password,
        u1_0.phone,
        u1_0.role,
        u1_0.username 
    from
        user u1_0 
    where
        u1_0.user_id=?
Hibernate: 
    select
        f1_0.folder_id,
        f1_0.created_at,
        f1_0.created_by,
        f1_0.folder_number,
        f1_0.folder_symbol,
        f1_0.statuts 
    from
        folder f1_0
Hibernate: 
    select
        t1_0.transfer_id,
        t1_0.folder_id,
        t1_0.from_user,
        t1_0.purpose,
        t1_0.to_user,
        t1_0.transfer_date 
    from
        transfer t1_0
Hibernate: 
    select
        t1_0.transfer_id,
        t1_0.folder_id,
        t1_0.from_user,
        t1_0.purpose,
        t1_0.to_user,
        t1_0.transfer_date 
    from
        transfer t1_0 
    where
        t1_0.from_user=?
Hibernate: 
    select
        u1_0.user_id,
        u1_0.email,
        u1_0.first_name,
        u1_0.last_name,
        u1_0.password,
        u1_0.phone,
        u1_0.role,
        u1_0.username 
    from
        user u1_0 
    where
        u1_0.user_id=?
Hibernate: 
    select
        f1_0.folder_id,
        f1_0.created_at,
        f1_0.created_by,
        f1_0.folder_number,
        f1_0.folder_symbol,
        f1_0.statuts 
    from
        folder f1_0
Hibernate: 
    select
        u1_0.user_id,
        u1_0.email,
        u1_0.first_name,
        u1_0.last_name,
        u1_0.password,
        u1_0.phone,
        u1_0.role,
        u1_0.username 
    from
        user u1_0 
    where
        u1_0.user_id=?
Hibernate: 
    select
        u1_0.user_id,
        u1_0.email,
        u1_0.first_name,
        u1_0.last_name,
        u1_0.password,
        u1_0.phone,
        u1_0.role,
        u1_0.username 
    from
        user u1_0
Hibernate: 
    select
        u1_0.user_id,
        u1_0.email,
        u1_0.first_name,
        u1_0.last_name,
        u1_0.password,
        u1_0.phone,
        u1_0.role,
        u1_0.username 
    from
        user u1_0 
    where
        u1_0.user_id=?
Hibernate: 
    insert 
    into
        folder
        (created_at, created_by, folder_number, folder_symbol, statuts, folder_id) 
    values
        (?, ?, ?, ?, ?, default)
Hibernate: 
    insert 
    into
        system_log
        (action, details, target, timestamp, type, username, id) 
    values
        (?, ?, ?, ?, ?, ?, default)
Hibernate: 
    select
        f1_0.folder_id,
        f1_0.created_at,
        f1_0.created_by,
        f1_0.folder_number,
        f1_0.folder_symbol,
        f1_0.statuts 
    from
        folder f1_0
Hibernate: 
    select
        u1_0.user_id,
        u1_0.email,
        u1_0.first_name,
        u1_0.last_name,
        u1_0.password,
        u1_0.phone,
        u1_0.role,
        u1_0.username 
    from
        user u1_0 
    where
        u1_0.user_id=?
Hibernate: 
    select
        f1_0.folder_id,
        f1_0.created_at,
        f1_0.created_by,
        f1_0.folder_number,
        f1_0.folder_symbol,
        f1_0.statuts 
    from
        folder f1_0
Hibernate: 
    select
        t1_0.transfer_id,
        t1_0.folder_id,
        t1_0.from_user,
        t1_0.purpose,
        t1_0.to_user,
        t1_0.transfer_date 
    from
        transfer t1_0
Hibernate: 
    select
        u1_0.user_id,
        u1_0.email,
        u1_0.first_name,
        u1_0.last_name,
        u1_0.password,
        u1_0.phone,
        u1_0.role,
        u1_0.username 
    from
        user u1_0 
    where
        u1_0.user_id=?
Hibernate: 
    select
        u1_0.user_id,
        u1_0.email,
        u1_0.first_name,
        u1_0.last_name,
        u1_0.password,
        u1_0.phone,
        u1_0.role,
        u1_0.username 
    from
        user u1_0
2026-03-20T11:01:23.173Z  WARN 27996 --- [gestion-dossiers] [nio-8080-exec-6] .m.m.a.ExceptionHandlerExceptionResolver : Resolved [org.springframework.http.converter.HttpMessageNotReadableException: JSON parse error: Cannot construct instance of `ma.gov.justice.gestion_dossiers.entity.Folder` (although at least one Creator exists): cannot deserialize from Object value (no delegate- or property-based Creator)]
Hibernate: 
    select
        u1_0.user_id,
        u1_0.email,
        u1_0.first_name,
        u1_0.last_name,
        u1_0.password,
        u1_0.phone,
        u1_0.role,
        u1_0.username 
    from
        user u1_0 
    where
        u1_0.user_id=?
Hibernate: 
    select
        t1_0.transfer_id,
        t1_0.folder_id,
        t1_0.from_user,
        t1_0.purpose,
        t1_0.to_user,
        t1_0.transfer_date 
    from
        transfer t1_0 
    where
        t1_0.from_user=?
Hibernate: 
    select
        u1_0.user_id,
        u1_0.email,
        u1_0.first_name,
        u1_0.last_name,
        u1_0.password,
        u1_0.phone,
        u1_0.role,
        u1_0.username 
    from
        user u1_0
2026-03-20T11:04:05.561Z  WARN 27996 --- [gestion-dossiers] [nio-8080-exec-9] .m.m.a.ExceptionHandlerExceptionResolver : Resolved [org.springframework.http.converter.HttpMessageNotReadableException: JSON parse error: Cannot construct instance of `ma.gov.justice.gestion_dossiers.entity.Folder` (although at least one Creator exists): cannot deserialize from Object value (no delegate- or property-based Creator)]
Hibernate: 
    select
        t1_0.transfer_id,
        t1_0.folder_id,
        t1_0.from_user,
        t1_0.purpose,
        t1_0.to_user,
        t1_0.transfer_date 
    from
        transfer t1_0
Hibernate: 
    select
        u1_0.user_id,
        u1_0.email,
        u1_0.first_name,
        u1_0.last_name,
        u1_0.password,
        u1_0.phone,
        u1_0.role,
        u1_0.username 
    from
        user u1_0
Hibernate: 
    select
        f1_0.folder_id,
        f1_0.created_at,
        f1_0.created_by,
        f1_0.folder_number,
        f1_0.folder_symbol,
        f1_0.statuts 
    from
        folder f1_0
Hibernate: 
    select
        u1_0.user_id,
        u1_0.email,
        u1_0.first_name,
        u1_0.last_name,
        u1_0.password,
        u1_0.phone,
        u1_0.role,
        u1_0.username 
    from
        user u1_0 
    where
        u1_0.user_id=?
2026-03-20T11:05:35.257Z  WARN 27996 --- [gestion-dossiers] [nio-8080-exec-3] .m.m.a.ExceptionHandlerExceptionResolver : Resolved [org.springframework.http.converter.HttpMessageNotReadableException: JSON parse error: Cannot construct instance of `ma.gov.justice.gestion_dossiers.entity.Folder` (although at least one Creator exists): cannot deserialize from Object value (no delegate- or property-based Creator)]
Hibernate: 
    select
        sl1_0.id,
        sl1_0.action,
        sl1_0.details,
        sl1_0.target,
        sl1_0.timestamp,
        sl1_0.type,
        sl1_0.username 
    from
        system_log sl1_0 
    order by
        sl1_0.timestamp desc
Hibernate: 
    select
        sl1_0.id,
        sl1_0.action,
        sl1_0.details,
        sl1_0.target,
        sl1_0.timestamp,
        sl1_0.type,
        sl1_0.username 
    from
        system_log sl1_0 
    order by
        sl1_0.timestamp desc
Hibernate: 
    select
        u1_0.user_id,
        u1_0.email,
        u1_0.first_name,
        u1_0.last_name,
        u1_0.password,
        u1_0.phone,
        u1_0.role,
        u1_0.username 
    from
        user u1_0 
    where
        u1_0.user_id=?
Hibernate: 
    select
        u1_0.user_id,
        u1_0.email,
        u1_0.first_name,
        u1_0.last_name,
        u1_0.password,
        u1_0.phone,
        u1_0.role,
        u1_0.username 
    from
        user u1_0
Hibernate: 
    select
        t1_0.transfer_id,
        t1_0.folder_id,
        t1_0.from_user,
        t1_0.purpose,
        t1_0.to_user,
        t1_0.transfer_date 
    from
        transfer t1_0 
    where
        t1_0.from_user=?
Hibernate: 
    select
        sl1_0.id,
        sl1_0.action,
        sl1_0.details,
        sl1_0.target,
        sl1_0.timestamp,
        sl1_0.type,
        sl1_0.username 
    from
        system_log sl1_0 
    order by
        sl1_0.timestamp desc
Hibernate: 
    select
        u1_0.user_id,
        u1_0.email,
        u1_0.first_name,
        u1_0.last_name,
        u1_0.password,
        u1_0.phone,
        u1_0.role,
        u1_0.username 
    from
        user u1_0
Hibernate: 
    select
        f1_0.folder_id,
        f1_0.created_at,
        f1_0.created_by,
        f1_0.folder_number,
        f1_0.folder_symbol,
        f1_0.statuts 
    from
        folder f1_0
Hibernate: 
    select
        u1_0.user_id,
        u1_0.email,
        u1_0.first_name,
        u1_0.last_name,
        u1_0.password,
        u1_0.phone,
        u1_0.role,
        u1_0.username 
    from
        user u1_0 
    where
        u1_0.user_id=?
Hibernate: 
    select
        u1_0.user_id,
        u1_0.email,
        u1_0.first_name,
        u1_0.last_name,
        u1_0.password,
        u1_0.phone,
        u1_0.role,
        u1_0.username 
    from
        user u1_0
Hibernate: 
    select
        t1_0.transfer_id,
        t1_0.folder_id,
        t1_0.from_user,
        t1_0.purpose,
        t1_0.to_user,
        t1_0.transfer_date 
    from
        transfer t1_0
Hibernate: 
    select
        f1_0.folder_id,
        f1_0.created_at,
        f1_0.created_by,
        f1_0.folder_number,
        f1_0.folder_symbol,
        f1_0.statuts 
    from
        folder f1_0
Hibernate: 
    select
        u1_0.user_id,
        u1_0.email,
        u1_0.first_name,
        u1_0.last_name,
        u1_0.password,
        u1_0.phone,
        u1_0.role,
        u1_0.username 
    from
        user u1_0 
    where
        u1_0.user_id=?
Hibernate: 
    select
        u1_0.user_id,
        u1_0.email,
        u1_0.first_name,
        u1_0.last_name,
        u1_0.password,
        u1_0.phone,
        u1_0.role,
        u1_0.username 
    from
        user u1_0 
    where
        u1_0.username=?
Hibernate: 
    select
        u1_0.user_id,
        u1_0.email,
        u1_0.first_name,
        u1_0.last_name,
        u1_0.password,
        u1_0.phone,
        u1_0.role,
        u1_0.username 
    from
        user u1_0 
    where
        u1_0.username=?
Hibernate: 
    select
        u1_0.user_id,
        u1_0.email,
        u1_0.first_name,
        u1_0.last_name,
        u1_0.password,
        u1_0.phone,
        u1_0.role,
        u1_0.username 
    from
        user u1_0 
    where
        u1_0.user_id=?
Hibernate: 
    select
        t1_0.transfer_id,
        t1_0.folder_id,
        t1_0.from_user,
        t1_0.purpose,
        t1_0.to_user,
        t1_0.transfer_date 
    from
        transfer t1_0 
    where
        t1_0.from_user=?
Hibernate: 
    select
        t1_0.transfer_id,
        t1_0.folder_id,
        t1_0.from_user,
        t1_0.purpose,
        t1_0.to_user,
        t1_0.transfer_date 
    from
        transfer t1_0
Hibernate: 
    select
        f1_0.folder_id,
        f1_0.created_at,
        f1_0.created_by,
        f1_0.folder_number,
        f1_0.folder_symbol,
        f1_0.statuts 
    from
        folder f1_0
Hibernate: 
    select
        u1_0.user_id,
        u1_0.email,
        u1_0.first_name,
        u1_0.last_name,
        u1_0.password,
        u1_0.phone,
        u1_0.role,
        u1_0.username 
    from
        user u1_0 
    where
        u1_0.user_id=?
Hibernate: 
    select
        u1_0.user_id,
        u1_0.email,
        u1_0.first_name,
        u1_0.last_name,
        u1_0.password,
        u1_0.phone,
        u1_0.role,
        u1_0.username 
    from
        user u1_0
